#
# There is insufficient memory for the Java Runtime Environment to continue.
# Native memory allocation (mmap) failed to map 17179869184 bytes. Error detail: committing reserved memory.
# Possible reasons:
#   The system is out of physical RAM or swap space
#   This process is running with CompressedOops enabled, and the Java Heap may be blocking the growth of the native heap
# Possible solutions:
#   Reduce memory load on the system
#   Increase physical memory or swap space
#   Check if swap backing store is full
#   Decrease Java heap size (-Xmx/-Xms)
#   Decrease number of Java threads
#   Decrease Java thread stack sizes (-Xss)
#   Set larger code cache with -XX:ReservedCodeCacheSize=
#   JVM is running with Zero Based Compressed Oops mode in which the Java heap is
#     placed in the first 32GB address space. The Java Heap base address is the
#     maximum limit for the native heap growth. Please use -XX:HeapBaseMinAddress
#     to set the Java Heap base and to place the Java Heap above 32GB virtual address.
# This output file may be truncated or incomplete.
#
#  Out of Memory Error (os_linux.cpp:2784), pid=6716, tid=6717
#
# JRE version:  (21.0.3+9) (build )
# Java VM: OpenJDK 64-Bit Server VM (21.0.3+9-LTS, mixed mode, sharing, tiered, compressed oops, compressed class ptrs, g1 gc, linux-amd64)
# Core dump will be written. Default location: Core dumps may be processed with "/usr/share/apport/apport -p%p -s%s -c%c -d%d -P%P -u%u -g%g -- %E" (or dumping to /workspaces/earthsmp/core.6716)
#

---------------  S U M M A R Y ------------

Command Line: -Xms16384M -Xmx16384M --add-modules=jdk.incubator.vector -XX:+UseG1GC -XX:+ParallelRefProcEnabled -XX:MaxGCPauseMillis=200 -XX:+UnlockExperimentalVMOptions -XX:+DisableExplicitGC -XX:+AlwaysPreTouch -XX:G1HeapWastePercent=5 -XX:G1MixedGCCountTarget=4 -XX:InitiatingHeapOccupancyPercent=15 -XX:G1MixedGCLiveThresholdPercent=90 -XX:G1RSetUpdatingPauseTimePercent=5 -XX:SurvivorRatio=32 -XX:+PerfDisableSharedMem -XX:MaxTenuringThreshold=1 -Dusing.aikars.flags=https://mcflags.emc.gs -Daikars.new.flags=true -XX:G1NewSizePercent=40 -XX:G1MaxNewSizePercent=50 -XX:G1HeapRegionSize=16M -XX:G1ReservePercent=15 server.jar --nogui

Host: AMD EPYC 7763 64-Core Processor, 4 cores, 15G, Ubuntu 20.04.6 LTS
Time: Sun Jul 14 20:52:40 2024 UTC elapsed time: 0.014877 seconds (0d 0h 0m 0s)

---------------  T H R E A D  ---------------

Current thread (0x000079a6ac0279d0):  JavaThread "Unknown thread" [_thread_in_vm, id=6717, stack(0x000079a6b3e51000,0x000079a6b3f52000) (1028K)]

Stack: [0x000079a6b3e51000,0x000079a6b3f52000],  sp=0x000079a6b3f504b0,  free space=1021k
Native frames: (J=compiled Java code, j=interpreted, Vv=VM code, C=native code)
V  [libjvm.so+0x10092e8]  VMError::report_and_die(int, char const*, char const*, __va_list_tag*, Thread*, unsigned char*, void*, void*, char const*, int, unsigned long)+0x2b8  (os_linux.cpp:2784)
V  [libjvm.so+0x1009cdd]
V  [libjvm.so+0x6b97bf]
V  [libjvm.so+0xd031b4]  os::pd_commit_memory_or_exit(char*, unsigned long, unsigned long, bool, char const*)+0xd4
V  [libjvm.so+0xcfc65d]  os::commit_memory_or_exit(char*, unsigned long, unsigned long, bool, char const*)+0x1d
V  [libjvm.so+0x811feb]  G1PageBasedVirtualSpace::commit(unsigned long, unsigned long)+0xfb
V  [libjvm.so+0x82847f]  G1RegionsLargerThanCommitSizeMapper::commit_regions(unsigned int, unsigned long, WorkerThreads*)+0x9f
V  [libjvm.so+0x8b8075]  HeapRegionManager::commit_regions(unsigned int, unsigned long, WorkerThreads*)+0x55
V  [libjvm.so+0x8b9ce2]  HeapRegionManager::expand(unsigned int, unsigned int, WorkerThreads*)+0x32
V  [libjvm.so+0x8b9f0e]  HeapRegionManager::expand_by(unsigned int, WorkerThreads*)+0x7e
V  [libjvm.so+0x7cc6cf]  G1CollectedHeap::expand(unsigned long, WorkerThreads*, double*)+0xff
V  [libjvm.so+0x7ccce4]  G1CollectedHeap::initialize()+0x5c4
V  [libjvm.so+0xfaa526]  universe_init()+0xd6
V  [libjvm.so+0x8d8a07]  init_globals()+0x37
V  [libjvm.so+0xf891f5]  Threads::create_vm(JavaVMInitArgs*, bool*)+0x2b5
V  [libjvm.so+0x9b442f]  JNI_CreateJavaVM+0x4f
C  [libjli.so+0x42cb]  JavaMain+0x8b
C  [libjli.so+0x7e49]  ThreadJavaMain+0x9

---------------  P R O C E S S  ---------------

Threads class SMR info:
_java_thread_list=0x000079a6b56149e0, length=0, elements={
}

Java Threads: ( => current thread )
Total: 0

Other Threads:
  0x000079a6ac04c430 WorkerThread "GC Thread#0"                     [id=6718, stack(0x000079a6b1643000,0x000079a6b1743000) (1024K)]
  0x000079a6ac055a20 ConcurrentGCThread "G1 Main Marker"            [id=6719, stack(0x000079a6b1542000,0x000079a6b1642000) (1024K)]
  0x000079a6ac0569c0 WorkerThread "G1 Conc#0"                       [id=6720, stack(0x000079a6b1441000,0x000079a6b1541000) (1024K)]

[error occurred during error reporting (printing all threads), id 0xb, SIGSEGV (0xb) at pc=0x000079a6b4890720]
VM state: not at safepoint (not fully initialized)

VM Mutex/Monitor currently owned by a thread:  ([mutex/lock_event])
[0x000079a6b55eed40] Heap_lock - owner thread: 0x000079a6ac0279d0

Heap address: 0x0000000400000000, size: 16384 MB, Compressed Oops mode: Zero based, Oop shift amount: 3

CDS archive(s) mapped at: [0x0000000000000000-0x0000000000000000-0x0000000000000000), size 0, SharedBaseAddress: 0x0000000800000000, ArchiveRelocationMode: 1.
Narrow klass base: 0x0000000000000000, Narrow klass shift: 0, Narrow klass range: 0x0

GC Precious Log:
 CardTable entry size: 512
 Card Set container configuration: InlinePtr #cards 3 size 8 Array Of Cards #cards 128 size 272 Howl #buckets 8 coarsen threshold 29491 Howl Bitmap #cards 4096 size 528 coarsen threshold 3686 Card regions per heap region 1 cards per card region 32768

Heap:
 garbage-first heap   total 0K, used 0K [0x0000000400000000, 0x0000000800000000)
  region size 16384K, 0 young (0K), 0 survivors (0K)

[error occurred during error reporting (printing heap information), id 0xb, SIGSEGV (0xb) at pc=0x000079a6b4e5965a]
GC Heap History (0 events):
No events

Dll operation events (1 events):
Event: 0.005 Loaded shared library /usr/local/sdkman/candidates/java/21.0.3-ms/lib/libjava.so

Deoptimization events (0 events):
No events

Classes loaded (0 events):
No events

Classes unloaded (0 events):
No events

Classes redefined (0 events):
No events

Internal exceptions (0 events):
No events

ZGC Phase Switch (0 events):
No events

VM Operations (0 events):
No events

Events (1 events):
Event: 0.005 Protecting memory [0x000079a6b3e51000,0x000079a6b3e55000] with protection modes 0


Dynamic libraries:
60f13cf21000-60f13cf22000 r-xp 00000000 07:03 687071                     /usr/local/sdkman/candidates/java/21.0.3-ms/bin/java
60f13cf23000-60f13cf24000 r--p 00001000 07:03 687071                     /usr/local/sdkman/candidates/java/21.0.3-ms/bin/java
60f13cf24000-60f13cf25000 rw-p 00002000 07:03 687071                     /usr/local/sdkman/candidates/java/21.0.3-ms/bin/java
60f13def2000-60f13df38000 rw-p 00000000 00:00 0                          [heap]
79a674000000-79a674021000 rw-p 00000000 00:00 0 
79a674021000-79a678000000 ---p 00000000 00:00 0 
79a678000000-79a678021000 rw-p 00000000 00:00 0 
79a678021000-79a67c000000 ---p 00000000 00:00 0 
79a67c000000-79a67c021000 rw-p 00000000 00:00 0 
79a67c021000-79a680000000 ---p 00000000 00:00 0 
79a6808af000-79a6828af000 rw-p 00000000 00:00 0 
79a6828af000-79a6948af000 ---p 00000000 00:00 0 
79a6948af000-79a694b1f000 rwxp 00000000 00:00 0 
79a694b1f000-79a69bde6000 ---p 00000000 00:00 0 
79a69bde6000-79a69c056000 rwxp 00000000 00:00 0 
79a69c056000-79a69c377000 ---p 00000000 00:00 0 
79a69c377000-79a69c5e7000 rwxp 00000000 00:00 0 
79a69c5e7000-79a6a38af000 ---p 00000000 00:00 0 
79a6a38af000-79a6ac000000 r--s 00000000 07:03 687557                     /usr/local/sdkman/candidates/java/21.0.3-ms/lib/modules
79a6ac000000-79a6ac075000 rw-p 00000000 00:00 0 
79a6ac075000-79a6b0000000 ---p 00000000 00:00 0 
79a6b0bdb000-79a6b1440000 rw-p 00000000 00:00 0 
79a6b1440000-79a6b1441000 ---p 00000000 00:00 0 
79a6b1441000-79a6b1541000 rw-p 00000000 00:00 0 
79a6b1541000-79a6b1542000 ---p 00000000 00:00 0 
79a6b1542000-79a6b1642000 rw-p 00000000 00:00 0 
79a6b1642000-79a6b1643000 ---p 00000000 00:00 0 
79a6b1643000-79a6b17a7000 rw-p 00000000 00:00 0 
79a6b17a7000-79a6b37a7000 ---p 00000000 00:00 0 
79a6b37a7000-79a6b3c31000 rw-p 00000000 00:00 0 
79a6b3c31000-79a6b3d17000 ---p 00000000 00:00 0 
79a6b3d17000-79a6b3d1c000 rw-p 00000000 00:00 0 
79a6b3d1c000-79a6b3e02000 ---p 00000000 00:00 0 
79a6b3e02000-79a6b3e07000 rw-p 00000000 00:00 0 
79a6b3e07000-79a6b3e0e000 ---p 00000000 00:00 0 
79a6b3e0e000-79a6b3e2e000 r-xp 00000000 07:03 687532                     /usr/local/sdkman/candidates/java/21.0.3-ms/lib/libjava.so
79a6b3e2e000-79a6b3e2f000 ---p 00020000 07:03 687532                     /usr/local/sdkman/candidates/java/21.0.3-ms/lib/libjava.so
79a6b3e2f000-79a6b3e30000 r--p 00020000 07:03 687532                     /usr/local/sdkman/candidates/java/21.0.3-ms/lib/libjava.so
79a6b3e30000-79a6b3e31000 rw-p 00021000 07:03 687532                     /usr/local/sdkman/candidates/java/21.0.3-ms/lib/libjava.so
79a6b3e31000-79a6b3e32000 rw-p 00000000 00:00 0 
79a6b3e32000-79a6b3e4d000 r-xp 00000000 07:03 687536                     /usr/local/sdkman/candidates/java/21.0.3-ms/lib/libjimage.so
79a6b3e4d000-79a6b3e4e000 ---p 0001b000 07:03 687536                     /usr/local/sdkman/candidates/java/21.0.3-ms/lib/libjimage.so
79a6b3e4e000-79a6b3e50000 r--p 0001b000 07:03 687536                     /usr/local/sdkman/candidates/java/21.0.3-ms/lib/libjimage.so
79a6b3e50000-79a6b3e51000 rw-p 0001d000 07:03 687536                     /usr/local/sdkman/candidates/java/21.0.3-ms/lib/libjimage.so
79a6b3e51000-79a6b3e55000 ---p 00000000 00:00 0 
79a6b3e55000-79a6b3f52000 rw-p 00000000 00:00 0 
79a6b3f52000-79a6b3f5f000 r--p 00000000 07:03 394196                     /usr/lib/x86_64-linux-gnu/libm-2.31.so
79a6b3f5f000-79a6b4006000 r-xp 0000d000 07:03 394196                     /usr/lib/x86_64-linux-gnu/libm-2.31.so
79a6b4006000-79a6b409f000 r--p 000b4000 07:03 394196                     /usr/lib/x86_64-linux-gnu/libm-2.31.so
79a6b409f000-79a6b40a0000 r--p 0014c000 07:03 394196                     /usr/lib/x86_64-linux-gnu/libm-2.31.so
79a6b40a0000-79a6b40a1000 rw-p 0014d000 07:03 394196                     /usr/lib/x86_64-linux-gnu/libm-2.31.so
79a6b40a1000-79a6b40a3000 r--p 00000000 07:03 394252                     /usr/lib/x86_64-linux-gnu/librt-2.31.so
79a6b40a3000-79a6b40a7000 r-xp 00002000 07:03 394252                     /usr/lib/x86_64-linux-gnu/librt-2.31.so
79a6b40a7000-79a6b40a9000 r--p 00006000 07:03 394252                     /usr/lib/x86_64-linux-gnu/librt-2.31.so
79a6b40a9000-79a6b40aa000 r--p 00007000 07:03 394252                     /usr/lib/x86_64-linux-gnu/librt-2.31.so
79a6b40aa000-79a6b40ab000 rw-p 00008000 07:03 394252                     /usr/lib/x86_64-linux-gnu/librt-2.31.so
79a6b40ab000-79a6b54bc000 r-xp 00000000 07:03 687569                     /usr/local/sdkman/candidates/java/21.0.3-ms/lib/server/libjvm.so
79a6b54bc000-79a6b558d000 r--p 01410000 07:03 687569                     /usr/local/sdkman/candidates/java/21.0.3-ms/lib/server/libjvm.so
79a6b558d000-79a6b55bd000 rw-p 014e1000 07:03 687569                     /usr/local/sdkman/candidates/java/21.0.3-ms/lib/server/libjvm.so
79a6b55bd000-79a6b5625000 rw-p 00000000 00:00 0 
79a6b5625000-79a6b5647000 r--p 00000000 07:03 394154                     /usr/lib/x86_64-linux-gnu/libc-2.31.so
79a6b5647000-79a6b57bf000 r-xp 00022000 07:03 394154                     /usr/lib/x86_64-linux-gnu/libc-2.31.so
79a6b57bf000-79a6b580d000 r--p 0019a000 07:03 394154                     /usr/lib/x86_64-linux-gnu/libc-2.31.so
79a6b580d000-79a6b5811000 r--p 001e7000 07:03 394154                     /usr/lib/x86_64-linux-gnu/libc-2.31.so
79a6b5811000-79a6b5813000 rw-p 001eb000 07:03 394154                     /usr/lib/x86_64-linux-gnu/libc-2.31.so
79a6b5813000-79a6b5817000 rw-p 00000000 00:00 0 
79a6b5817000-79a6b5818000 r--p 00000000 07:03 394165                     /usr/lib/x86_64-linux-gnu/libdl-2.31.so
79a6b5818000-79a6b581a000 r-xp 00001000 07:03 394165                     /usr/lib/x86_64-linux-gnu/libdl-2.31.so
79a6b581a000-79a6b581b000 r--p 00003000 07:03 394165                     /usr/lib/x86_64-linux-gnu/libdl-2.31.so
79a6b581b000-79a6b581c000 r--p 00003000 07:03 394165                     /usr/lib/x86_64-linux-gnu/libdl-2.31.so
79a6b581c000-79a6b581d000 rw-p 00004000 07:03 394165                     /usr/lib/x86_64-linux-gnu/libdl-2.31.so
79a6b581d000-79a6b5823000 r--p 00000000 07:03 394248                     /usr/lib/x86_64-linux-gnu/libpthread-2.31.so
79a6b5823000-79a6b5834000 r-xp 00006000 07:03 394248                     /usr/lib/x86_64-linux-gnu/libpthread-2.31.so
79a6b5834000-79a6b583a000 r--p 00017000 07:03 394248                     /usr/lib/x86_64-linux-gnu/libpthread-2.31.so
79a6b583a000-79a6b583b000 r--p 0001c000 07:03 394248                     /usr/lib/x86_64-linux-gnu/libpthread-2.31.so
79a6b583b000-79a6b583c000 rw-p 0001d000 07:03 394248                     /usr/lib/x86_64-linux-gnu/libpthread-2.31.so
79a6b583c000-79a6b5840000 rw-p 00000000 00:00 0 
79a6b5840000-79a6b584e000 r-xp 00000000 07:03 687537                     /usr/local/sdkman/candidates/java/21.0.3-ms/lib/libjli.so
79a6b584e000-79a6b584f000 ---p 0000e000 07:03 687537                     /usr/local/sdkman/candidates/java/21.0.3-ms/lib/libjli.so
79a6b584f000-79a6b5850000 r--p 0000e000 07:03 687537                     /usr/local/sdkman/candidates/java/21.0.3-ms/lib/libjli.so
79a6b5850000-79a6b5851000 rw-p 0000f000 07:03 687537                     /usr/local/sdkman/candidates/java/21.0.3-ms/lib/libjli.so
79a6b5851000-79a6b5853000 r--p 00000000 07:03 394284                     /usr/lib/x86_64-linux-gnu/libz.so.1.2.11
79a6b5853000-79a6b5864000 r-xp 00002000 07:03 394284                     /usr/lib/x86_64-linux-gnu/libz.so.1.2.11
79a6b5864000-79a6b586a000 r--p 00013000 07:03 394284                     /usr/lib/x86_64-linux-gnu/libz.so.1.2.11
79a6b586a000-79a6b586b000 ---p 00019000 07:03 394284                     /usr/lib/x86_64-linux-gnu/libz.so.1.2.11
79a6b586b000-79a6b586c000 r--p 00019000 07:03 394284                     /usr/lib/x86_64-linux-gnu/libz.so.1.2.11
79a6b586c000-79a6b586d000 rw-p 0001a000 07:03 394284                     /usr/lib/x86_64-linux-gnu/libz.so.1.2.11
79a6b586d000-79a6b5875000 rw-p 00000000 00:00 0 
79a6b5875000-79a6b5876000 ---p 00000000 00:00 0 
79a6b5876000-79a6b5877000 r--p 00000000 00:00 0 
79a6b5877000-79a6b5879000 rw-p 00000000 00:00 0 
79a6b5879000-79a6b587a000 r--p 00000000 07:03 394132                     /usr/lib/x86_64-linux-gnu/ld-2.31.so
79a6b587a000-79a6b589d000 r-xp 00001000 07:03 394132                     /usr/lib/x86_64-linux-gnu/ld-2.31.so
79a6b589d000-79a6b58a5000 r--p 00024000 07:03 394132                     /usr/lib/x86_64-linux-gnu/ld-2.31.so
79a6b58a5000-79a6b58a6000 ---p 00000000 00:00 0 
79a6b58a6000-79a6b58a7000 r--p 0002c000 07:03 394132                     /usr/lib/x86_64-linux-gnu/ld-2.31.so
79a6b58a7000-79a6b58a8000 rw-p 0002d000 07:03 394132                     /usr/lib/x86_64-linux-gnu/ld-2.31.so
79a6b58a8000-79a6b58a9000 rw-p 00000000 00:00 0 
7ffcd7d8b000-7ffcd7dad000 rw-p 00000000 00:00 0                          [stack]
7ffcd7de2000-7ffcd7de6000 r--p 00000000 00:00 0                          [vvar]
7ffcd7de6000-7ffcd7de8000 r-xp 00000000 00:00 0                          [vdso]
ffffffffff600000-ffffffffff601000 --xp 00000000 00:00 0                  [vsyscall]
Total number of mappings: 102


VM Arguments:
jvm_args: -Xms16384M -Xmx16384M --add-modules=jdk.incubator.vector -XX:+UseG1GC -XX:+ParallelRefProcEnabled -XX:MaxGCPauseMillis=200 -XX:+UnlockExperimentalVMOptions -XX:+DisableExplicitGC -XX:+AlwaysPreTouch -XX:G1HeapWastePercent=5 -XX:G1MixedGCCountTarget=4 -XX:InitiatingHeapOccupancyPercent=15 -XX:G1MixedGCLiveThresholdPercent=90 -XX:G1RSetUpdatingPauseTimePercent=5 -XX:SurvivorRatio=32 -XX:+PerfDisableSharedMem -XX:MaxTenuringThreshold=1 -Dusing.aikars.flags=https://mcflags.emc.gs -Daikars.new.flags=true -XX:G1NewSizePercent=40 -XX:G1MaxNewSizePercent=50 -XX:G1HeapRegionSize=16M -XX:G1ReservePercent=15 
java_command: server.jar --nogui
java_class_path (initial): server.jar
Launcher Type: SUN_STANDARD

[Global flags]
     bool AlwaysPreTouch                           = true                                      {product} {command line}
     bool AlwaysTenure                             = false                                     {product} {command line}
     intx CICompilerCount                          = 3                                         {product} {ergonomic}
     uint ConcGCThreads                            = 1                                         {product} {ergonomic}
     bool DisableExplicitGC                        = true                                      {product} {command line}
     uint G1ConcRefinementThreads                  = 4                                         {product} {ergonomic}
     uint G1EagerReclaimRemSetThreshold            = 128                                  {experimental} {ergonomic}
   size_t G1HeapRegionSize                         = 16777216                                  {product} {command line}
    uintx G1HeapWastePercent                       = 5                                         {product} {command line}
    uintx G1MaxNewSizePercent                      = 50                                   {experimental} {command line}
    uintx G1MixedGCCountTarget                     = 4                                         {product} {command line}
    uintx G1MixedGCLiveThresholdPercent            = 90                                   {experimental} {command line}
    uintx G1NewSizePercent                         = 40                                   {experimental} {command line}
     intx G1RSetUpdatingPauseTimePercent           = 5                                         {product} {command line}
     uint G1RemSetArrayOfCardsEntries              = 128                                  {experimental} {ergonomic}
     uint G1RemSetHowlMaxNumBuckets                = 8                                    {experimental} {ergonomic}
     uint G1RemSetHowlNumBuckets                   = 8                                    {experimental} {ergonomic}
    uintx G1ReservePercent                         = 15                                        {product} {command line}
    uintx GCDrainStackTargetSize                   = 64                                        {product} {ergonomic}
   size_t InitialHeapSize                          = 17179869184                               {product} {command line}
    uintx InitialTenuringThreshold                 = 1                                         {product} {ergonomic}
    uintx InitiatingHeapOccupancyPercent           = 15                                        {product} {command line}
   size_t MarkStackSize                            = 4194304                                   {product} {ergonomic}
    uintx MaxGCPauseMillis                         = 200                                       {product} {command line}
   size_t MaxHeapSize                              = 17179869184                               {product} {command line}
    uintx MaxTenuringThreshold                     = 1                                         {product} {command line}
   size_t MinHeapDeltaBytes                        = 16777216                                  {product} {ergonomic}
   size_t MinHeapSize                              = 17179869184                               {product} {command line}
     bool NeverTenure                              = false                                     {product} {command line}
    uintx NonNMethodCodeHeapSize                   = 5832780                                {pd product} {ergonomic}
    uintx NonProfiledCodeHeapSize                  = 122912730                              {pd product} {ergonomic}
     bool ParallelRefProcEnabled                   = true                                      {product} {command line}
     bool PerfDisableSharedMem                     = true                                      {product} {command line}
    uintx ProfiledCodeHeapSize                     = 122912730                              {pd product} {ergonomic}
    uintx ReservedCodeCacheSize                    = 251658240                              {pd product} {ergonomic}
     bool SegmentedCodeCache                       = true                                      {product} {ergonomic}
   size_t SoftMaxHeapSize                          = 17179869184                            {manageable} {ergonomic}
    uintx SurvivorRatio                            = 32                                        {product} {command line}
     bool UnlockExperimentalVMOptions              = true                                 {experimental} {command line}
     bool UseCompressedOops                        = true                           {product lp64_product} {ergonomic}
     bool UseG1GC                                  = true                                      {product} {command line}

Logging:
Log output configuration:
 #0: stdout all=warning uptime,level,tags foldmultilines=false
 #1: stderr all=off uptime,level,tags foldmultilines=false

Environment Variables:
JAVA_HOME=/usr/local/sdkman/candidates/java/current
PATH=/usr/local/rvm/gems/ruby-3.2.4/bin:/usr/local/rvm/gems/ruby-3.2.4@global/bin:/usr/local/rvm/rubies/ruby-3.2.4/bin:/vscode/bin/linux-x64/f1e16e1e6214d7c44d078b1f0607b2388f29d729/bin/remote-cli:/home/codespace/.local/bin:/home/codespace/.dotnet:/home/codespace/nvm/current/bin:/home/codespace/.php/current/bin:/home/codespace/.python/current/bin:/home/codespace/java/current/bin:/home/codespace/.ruby/current/bin:/home/codespace/.local/bin:/usr/local/python/current/bin:/usr/local/py-utils/bin:/usr/local/oryx:/usr/local/go/bin:/go/bin:/usr/local/sdkman/bin:/usr/local/sdkman/candidates/java/current/bin:/usr/local/sdkman/candidates/gradle/current/bin:/usr/local/sdkman/candidates/maven/current/bin:/usr/local/sdkman/candidates/ant/current/bin:/usr/local/rvm/gems/default/bin:/usr/local/rvm/gems/default@global/bin:/usr/local/rvm/rubies/default/bin:/usr/local/share/rbenv/bin:/usr/local/php/current/bin:/opt/conda/bin:/usr/local/nvs:/usr/local/share/nvm/versions/node/v20.15.1/bin:/usr/local/hugo/bin:/usr/local/sbin:/usr/local/bin:/usr/sbin:/usr/bin:/sbin:/bin:/usr/share/dotnet:/home/codespace/.dotnet/tools:/usr/local/rvm/bin
SHELL=/bin/bash
LANG=C.UTF-8
TERM=xterm-256color

Active Locale:
LC_ALL=C
LC_COLLATE=C
LC_CTYPE=C
LC_MESSAGES=C
LC_MONETARY=C
LC_NUMERIC=C
LC_TIME=C

Signal Handlers:
   SIGSEGV: crash_handler in libjvm.so, mask=11100100010111111101111111111110, flags=SA_RESTART|SA_SIGINFO, unblocked
    SIGBUS: crash_handler in libjvm.so, mask=11100100010111111101111111111110, flags=SA_RESTART|SA_SIGINFO, unblocked
    SIGFPE: crash_handler in libjvm.so, mask=11100100010111111101111111111110, flags=SA_RESTART|SA_SIGINFO, unblocked
   SIGPIPE: javaSignalHandler in libjvm.so, mask=11100100010111111101111111111110, flags=SA_RESTART|SA_SIGINFO, blocked
   SIGXFSZ: javaSignalHandler in libjvm.so, mask=11100100010111111101111111111110, flags=SA_RESTART|SA_SIGINFO, blocked
    SIGILL: crash_handler in libjvm.so, mask=11100100010111111101111111111110, flags=SA_RESTART|SA_SIGINFO, unblocked
   SIGUSR2: SR_handler in libjvm.so, mask=00000000000000000000000000000000, flags=SA_RESTART|SA_SIGINFO, blocked
    SIGHUP: SIG_DFL, mask=00000000000000000000000000000000, flags=none, blocked
    SIGINT: SIG_DFL, mask=00000000000000000000000000000000, flags=none, blocked
   SIGTERM: SIG_DFL, mask=00000000000000000000000000000000, flags=none, blocked
   SIGQUIT: UserHandler in libjvm.so, mask=11100100010111111101111111111110, flags=SA_RESTART|SA_SIGINFO, blocked
   SIGTRAP: crash_handler in libjvm.so, mask=11100100010111111101111111111110, flags=SA_RESTART|SA_SIGINFO, unblocked


Periodic native trim disabled

---------------  S Y S T E M  ---------------

OS:
DISTRIB_ID=Ubuntu
DISTRIB_RELEASE=20.04
DISTRIB_CODENAME=focal
DISTRIB_DESCRIPTION="Ubuntu 20.04.6 LTS"
uname: Linux 6.5.0-1022-azure #23~22.04.1-Ubuntu SMP Thu May  9 17:59:24 UTC 2024 x86_64
OS uptime: 0 days 0:09 hours
libc: glibc 2.31 NPTL 2.31 
rlimit (soft/hard): STACK 8192k/infinity , CORE infinity/infinity , NPROC infinity/infinity , NOFILE 1048576/1048576 , AS infinity/infinity , CPU infinity/infinity , DATA infinity/infinity , FSIZE infinity/infinity , MEMLOCK 8192k/8192k
load average: 0.12 0.29 0.23

/proc/meminfo:
MemTotal:       16364592 kB
MemFree:        14453032 kB
MemAvailable:   14767500 kB
Buffers:            8624 kB
Cached:           591424 kB
SwapCached:            0 kB
Active:           689336 kB
Inactive:         893880 kB
Active(anon):     426740 kB
Inactive(anon):   631376 kB
Active(file):     262596 kB
Inactive(file):   262504 kB
Unevictable:       27868 kB
Mlocked:           27868 kB
SwapTotal:             0 kB
SwapFree:              0 kB
Zswap:                 0 kB
Zswapped:              0 kB
Dirty:               404 kB
Writeback:             0 kB
AnonPages:       1007720 kB
Mapped:           267852 kB
Shmem:             65748 kB
KReclaimable:     105144 kB
Slab:             177516 kB
SReclaimable:     105144 kB
SUnreclaim:        72372 kB
KernelStack:        6560 kB
PageTables:        13960 kB
SecPageTables:         0 kB
NFS_Unstable:          0 kB
Bounce:                0 kB
WritebackTmp:          0 kB
CommitLimit:     8182296 kB
Committed_AS:    3269448 kB
VmallocTotal:   34359738367 kB
VmallocUsed:       39648 kB
VmallocChunk:          0 kB
Percpu:             2176 kB
HardwareCorrupted:     0 kB
AnonHugePages:    483328 kB
ShmemHugePages:        0 kB
ShmemPmdMapped:        0 kB
FileHugePages:         0 kB
FilePmdMapped:         0 kB
Unaccepted:            0 kB
HugePages_Total:       0
HugePages_Free:        0
HugePages_Rsvd:        0
HugePages_Surp:        0
Hugepagesize:       2048 kB
Hugetlb:               0 kB
DirectMap4k:      112576 kB
DirectMap2M:     5130240 kB
DirectMap1G:    13631488 kB

/sys/kernel/mm/transparent_hugepage/enabled: [always] madvise never
/sys/kernel/mm/transparent_hugepage/hpage_pmd_size: 2097152
/sys/kernel/mm/transparent_hugepage/defrag (defrag/compaction efforts parameter): always defer defer+madvise [madvise] never

Process Memory:
Virtual Size: 1053248K (peak: 17825980K)
Resident Set Size: 27624K (peak: 27624K) (anon: 14568K, file: 13056K, shmem: 0K)
Swapped out: 0K
C-Heap outstanding allocations: 14043K, retained: 604K
glibc malloc tunables: (default)

/proc/sys/kernel/threads-max (system-wide limit on the number of threads): 127799
/proc/sys/vm/max_map_count (maximum number of memory map areas a process may have): 65530
/proc/sys/kernel/pid_max (system-wide limit on number of process identifiers): 4194304

container (cgroup) information:
container_type: cgroupv2
cpu_cpuset_cpus: not supported
cpu_memory_nodes: not supported
active_processor_count: 4
cpu_quota: no quota
cpu_period: 100000
cpu_shares: no shares
memory_limit_in_bytes: unlimited
memory_and_swap_limit_in_bytes: unlimited
memory_soft_limit_in_bytes: unlimited
memory_usage_in_bytes: 487420 k
memory_max_usage_in_bytes: not supported
memory_swap_current_in_bytes: unlimited
memory_swap_max_limit_in_bytes: unlimited
maximum number of tasks: unlimited
current number of tasks: 87

Hyper-V virtualization detected
Steal ticks since vm start: 0
Steal ticks percentage since vm start:  0.000

CPU: total 4 (initial active 4) (16 cores per cpu, 2 threads per core) family 25 model 1 stepping 1 microcode 0xffffffff, cx8, cmov, fxsr, ht, mmx, 3dnowpref, sse, sse2, sse3, ssse3, sse4a, sse4.1, sse4.2, popcnt, lzcnt, tsc, tscinvbit, avx, avx2, aes, erms, clmul, bmi1, bmi2, adx, sha, fma, vzeroupper, clflush, clflushopt, hv, rdtscp, rdpid, fsrm, f16c, cet_ss
CPU Model and flags from /proc/cpuinfo:
model name	: AMD EPYC 7763 64-Core Processor
flags		: fpu vme de pse tsc msr pae mce cx8 apic sep mtrr pge mca cmov pat pse36 clflush mmx fxsr sse sse2 ht syscall nx mmxext fxsr_opt pdpe1gb rdtscp lm constant_tsc rep_good nopl tsc_reliable nonstop_tsc cpuid extd_apicid aperfmperf pni pclmulqdq ssse3 fma cx16 pcid sse4_1 sse4_2 movbe popcnt aes xsave avx f16c rdrand hypervisor lahf_lm cmp_legacy svm cr8_legacy abm sse4a misalignsse 3dnowprefetch osvw topoext invpcid_single vmmcall fsgsbase bmi1 avx2 smep bmi2 erms invpcid rdseed adx smap clflushopt clwb sha_ni xsaveopt xsavec xgetbv1 xsaves clzero xsaveerptr rdpru arat npt nrip_save tsc_scale vmcb_clean flushbyasid decodeassists pausefilter pfthreshold v_vmsave_vmload umip vaes vpclmulqdq rdpid fsrm

Online cpus: 0-3
Offline cpus: 
BIOS frequency limitation: <Not Available>
Frequency switch latency (ns): <Not Available>
Available cpu frequencies: <Not Available>
Current governor: <Not Available>
Core performance/turbo boost: <Not Available>

Memory: 4k page, physical 16364592k(14767500k free), swap 0k(0k free)
Page Sizes: 4k

vm_info: OpenJDK 64-Bit Server VM (21.0.3+9-LTS) for linux-amd64 JRE (21.0.3+9-LTS), built on 2024-04-10T01:29:19Z by "MicrosoftCorporation" with gcc 11.3.0

END.
