[04:03:14] [Paper Plugin Remapper Thread - 0/INFO]: [PluginRemapper] Remapping plugin 'cache/spark.jar'...
[04:03:16] [Paper Plugin Remapper Thread - 0/INFO]: [PluginRemapper] Done remapping plugin 'cache/spark.jar' in 1892ms.
[04:03:21] [ServerMain/INFO]: Environment: Environment[sessionHost=https://sessionserver.mojang.com, servicesHost=https://api.minecraftservices.com, name=PROD]
[04:03:21] [ServerMain/INFO]: Found new data pack file/bukkit, loading it automatically
[04:03:21] [ServerMain/INFO]: Found new data pack paper, loading it automatically
[04:03:21] [ServerMain/INFO]: No existing world data, creating new world
[04:03:22] [ServerMain/INFO]: Loaded 1290 recipes
[04:03:22] [ServerMain/INFO]: Loaded 1399 advancements
[04:03:23] [Server thread/INFO]: Starting minecraft server version 1.21
[04:03:23] [Server thread/INFO]: Loading properties
[04:03:23] [Server thread/INFO]: This server is running Purpur version 1.21-2261-ver/1.21@14136b8 (2024-07-13T04:57:14Z) (Implementing API version 1.21-R0.1-SNAPSHOT)
[04:03:23] [Server thread/INFO]: Using 4 threads for Netty based IO
[04:03:23] [Server thread/INFO]: Server Ping Player Sample Count: 12
[04:03:24] [Server thread/INFO]: [ChunkTaskScheduler] Chunk system is using 1 I/O threads, 1 worker threads, and population gen parallelism of 1 threads
[04:03:24] [Server thread/INFO]: Default game type: SURVIVAL
[04:03:24] [Server thread/INFO]: Generating keypair
[04:03:24] [Server thread/INFO]: Starting Minecraft server on *:25565
[04:03:24] [Server thread/INFO]: Using epoll channel type
[04:03:24] [Server thread/INFO]: Paper: Using libdeflate (Linux x86_64) compression from Velocity.
[04:03:24] [Server thread/INFO]: Paper: Using OpenSSL 1.1.x (Linux x86_64) cipher from Velocity.
[04:03:25] [Server thread/INFO]: [spark] Loading server plugin spark v1.10.77
[04:03:25] [Server thread/INFO]: Preparing level "world"
[04:03:37] [Server thread/INFO]: Preparing start region for dimension minecraft:overworld
[04:03:42] [Server thread/INFO]: Time elapsed: 5655 ms
[04:03:42] [Server thread/INFO]: Preparing start region for dimension minecraft:the_nether
[04:03:44] [Server thread/INFO]: Time elapsed: 1764 ms
[04:03:44] [Server thread/INFO]: Preparing start region for dimension minecraft:the_end
[04:03:44] [Server thread/INFO]: Time elapsed: 479 ms
[04:03:44] [Server thread/INFO]: [spark] Enabling spark v1.10.77
[04:03:45] [Server thread/INFO]: [spark] Using Paper ServerTickStartEvent for tick monitoring
[04:03:45] [Server thread/INFO]: [spark] Starting background profiler...
[04:03:46] [Server thread/INFO]: Running delayed init tasks
[04:03:46] [Server thread/INFO]: Done (23.648s)! For help, type "help"
[04:03:46] [Server thread/INFO]: *************************************************************************************
[04:03:46] [Server thread/INFO]: This is the first time you're starting this server.
[04:03:46] [Server thread/INFO]: It's recommended you read our 'Getting Started' documentation for guidance.
[04:03:46] [Server thread/INFO]: View this and more helpful information here: https://docs.papermc.io/paper/next-steps
[04:03:46] [Server thread/INFO]: *************************************************************************************
[04:05:20] [Server thread/INFO]: Bukkit Plugins: (1):
[04:05:20] [Server thread/INFO]:  - spark
[04:05:23] [Craft Scheduler Thread - 6 - spark/INFO]: [⚡] TPS from last 5s, 10s, 1m, 5m, 15m:
[04:05:23] [Craft Scheduler Thread - 6 - spark/INFO]: [⚡]  *20.0, *20.0, *20.0, *20.0, *20.0
[04:05:23] [Craft Scheduler Thread - 6 - spark/INFO]: [⚡] 
[04:05:23] [Craft Scheduler Thread - 6 - spark/INFO]: [⚡] Tick durations (min/med/95%ile/max ms) from last 10s, 1m:
[04:05:23] [Craft Scheduler Thread - 6 - spark/INFO]: [⚡]  0.3/0.7/1.0/15.1;  0.2/0.6/1.1/104.0
[04:05:23] [Craft Scheduler Thread - 6 - spark/INFO]: [⚡] 
[04:05:23] [Craft Scheduler Thread - 6 - spark/INFO]: [⚡] CPU usage from last 10s, 1m, 15m:
[04:05:23] [Craft Scheduler Thread - 6 - spark/INFO]: [⚡]  5%, 4%, 5%  (system)
[04:05:23] [Craft Scheduler Thread - 6 - spark/INFO]: [⚡]  3%, 2%, 4%  (process)
[04:11:51] [User Authenticator #0/INFO]: UUID of player ML_NothingHere is e7b59d8d-ed1d-46dc-beaf-83b97b5e3a55
[04:11:53] [Server thread/INFO]: ML_NothingHere joined the game
[04:11:53] [Server thread/INFO]: ML_NothingHere[/[0:0:0:0:0:0:0:1%0]:52616] logged in with entity id 39 at ([world]-8.5, 93.0, -56.5)
[04:12:13] [Server thread/INFO]: ML_NothingHere issued server command: /tps
[04:12:24] [Server thread/INFO]: Made ML_NothingHere a server operator
[04:12:27] [Server thread/INFO]: ML_NothingHere issued server command: /tps
[04:12:31] [Server thread/INFO]: ML_NothingHere issued server command: /tpsbar
